<?xml version="1.0" encoding="UTF-8"?>
<testng-results skipped="0" failed="0" total="1" passed="1">
  <reporter-output>
    <line>
      <![CDATA[Homepage is displayed]]>
    </line>
    <line>
      <![CDATA[loginis PASSED]]>
    </line>
  </reporter-output>
  <suite name="Default suite" duration-ms="22236" started-at="2019-06-14T13:56:02Z" finished-at="2019-06-14T13:56:25Z">
    <groups>
    </groups>
    <test name="Default test" duration-ms="22236" started-at="2019-06-14T13:56:02Z" finished-at="2019-06-14T13:56:25Z">
      <class name="script.TestValidLogin">
        <test-method status="PASS" signature="openApplication()[pri:0, instance:script.TestValidLogin@d7b1517]" name="openApplication" is-config="true" duration-ms="12757" started-at="2019-06-14T19:26:02Z" finished-at="2019-06-14T19:26:15Z">
          <reporter-output>
          </reporter-output>
        </test-method> <!-- openApplication -->
        <test-method status="PASS" signature="login()[pri:0, instance:script.TestValidLogin@d7b1517]" name="login" duration-ms="7271" started-at="2019-06-14T19:26:15Z" finished-at="2019-06-14T19:26:22Z">
          <reporter-output>
            <line>
              <![CDATA[Homepage is displayed]]>
            </line>
          </reporter-output>
        </test-method> <!-- login -->
        <test-method status="PASS" signature="closeApplication(org.testng.ITestResult)[pri:0, instance:script.TestValidLogin@d7b1517]" name="closeApplication" is-config="true" duration-ms="2186" started-at="2019-06-14T19:26:22Z" finished-at="2019-06-14T19:26:25Z">
          <params>
            <param index="0">
              <value>
                <![CDATA[[TestResult name=login status=SUCCESS method=TestValidLogin.login()[pri:0, instance:script.TestValidLogin@d7b1517] output=Homepage is displayed]]]>
              </value>
            </param>
          </params>
          <reporter-output>
            <line>
              <![CDATA[loginis PASSED]]>
            </line>
          </reporter-output>
        </test-method> <!-- closeApplication -->
      </class> <!-- script.TestValidLogin -->
    </test> <!-- Default test -->
  </suite> <!-- Default suite -->
</testng-results>
